<?xml version="1.0" encoding="UTF-8"?>
<!-- Generated by org.testng.reporters.JUnitXMLReporter -->
<testsuite ignored="0" hostname="MININTCEGQL91" failures="0" tests="3" name="Default test" time="33.897" errors="0" timestamp="2022-09-08T14:01:19 IST">
  <testcase classname="ExcelDataReader.ExcelTest" name="TestLogin" time="14.315"/>
  <testcase classname="ExcelDataReader.ExcelTest" name="TestLogin" time="9.036"/>
  <testcase classname="ExcelDataReader.ExcelTest" name="TestLogin" time="8.892"/>
</testsuite> <!-- Default test -->
