<?xml version="1.0" encoding="UTF-8"?>
<!-- Generated by org.testng.reporters.JUnitXMLReporter -->
<testsuite ignored="0" hostname="MININTCEGQL91" failures="0" tests="6" name="Test" time="0.083" errors="0" timestamp="2022-08-22T12:05:13 IST">
  <testcase classname="PriorityTestDemo.FilghBookingDemo" name="LogIn" time="0.011"/>
  <testcase classname="PriorityTestDemo.FilghBookingDemo" name="signup" time="0.002"/>
  <testcase classname="PriorityTestDemo.FilghBookingDemo" name="SearchForTheFlight" time="0.002"/>
  <testcase classname="PriorityTestDemo.FilghBookingDemo" name="BookTheFlight" time="0.001"/>
  <testcase classname="PriorityTestDemo.FilghBookingDemo" name="SaveTheTicket" time="0.001"/>
  <testcase classname="PriorityTestDemo.FilghBookingDemo" name="LogOut" time="0.003"/>
</testsuite> <!-- Test -->
