<?xml version="1.0" encoding="UTF-8"?>
<!-- Generated by org.testng.reporters.JUnitXMLReporter -->
<testsuite ignored="0" hostname="MININTCEGQL91" failures="0" tests="4" name="Test2" time="0.008" errors="0" timestamp="2022-08-22T15:09:07 IST">
  <testcase classname="ParalleTestNg.TestClass4" name="testMethod10" time="0.001"/>
  <testcase classname="ParalleTestNg.TestClass4" name="testMethod11" time="0.0"/>
  <testcase classname="ParalleTestNg.TestClass4" name="testMethod8" time="0.001"/>
  <testcase classname="ParalleTestNg.TestClass4" name="testMethod9" time="0.001"/>
</testsuite> <!-- Test2 -->
