<?xml version="1.0" encoding="UTF-8"?>
<!-- Generated by org.testng.reporters.JUnitXMLReporter -->
<testsuite ignored="0" hostname="MININTCEGQL91" failures="0" tests="11" name="Test1" time="0.058" errors="0" timestamp="2022-08-22T15:09:07 IST">
  <testcase classname="ParalleTestNg.TestClass1" name="testMethod1" time="0.011"/>
  <testcase classname="ParalleTestNg.TestClass3" name="testMethod10" time="0.011"/>
  <testcase classname="ParalleTestNg.TestClass2" name="testMethod5" time="0.011"/>
  <testcase classname="ParalleTestNg.TestClass3" name="testMethod11" time="0.001"/>
  <testcase classname="ParalleTestNg.TestClass1" name="testMethod2" time="0.003"/>
  <testcase classname="ParalleTestNg.TestClass2" name="testMethod6" time="0.004"/>
  <testcase classname="ParalleTestNg.TestClass3" name="testMethod8" time="0.002"/>
  <testcase classname="ParalleTestNg.TestClass3" name="testMethod9" time="0.001"/>
  <testcase classname="ParalleTestNg.TestClass1" name="testMethod3" time="0.002"/>
  <testcase classname="ParalleTestNg.TestClass2" name="testMethod7" time="0.002"/>
  <testcase classname="ParalleTestNg.TestClass1" name="testMethod4" time="0.002"/>
</testsuite> <!-- Test1 -->
