<?xml version="1.0" encoding="UTF-8"?>
<!-- Generated by org.testng.reporters.JUnitXMLReporter -->
<testsuite ignored="3" hostname="MININTCEGQL91" failures="0" tests="0" time="0.001" errors="0" timestamp="2022-08-22T11:56:46 IST">
  <testcase classname="TestNgDemo.TestDemo" name="OpenBrowser" time="0.0">
    <ignored/>
  </testcase> <!-- OpenBrowser -->
  <testcase classname="TestNgDemo.TestDemo" name="LogOut" time="0.0">
    <ignored/>
  </testcase> <!-- LogOut -->
  <testcase classname="TestNgDemo.TestDemo" name="Login" time="0.0">
    <ignored/>
  </testcase> <!-- Login -->
</testsuite>
