<?xml version="1.0" encoding="UTF-8"?>
<!-- Generated by org.testng.reporters.JUnitXMLReporter -->
<testsuite ignored="2" hostname="MININTCEGQL91" failures="0" tests="1" name="Search" time="0.003" errors="0" timestamp="2022-08-22T14:32:37 IST">
  <testcase classname="TestNgDemo.TestDemo" name="OpenBrowser" time="0.001"/>
  <testcase classname="TestNgDemo.TestDemo" name="LogOut" time="0.0">
    <ignored/>
  </testcase> <!-- LogOut -->
  <testcase classname="TestNgDemo.TestDemo" name="Login" time="0.0">
    <ignored/>
  </testcase> <!-- Login -->
</testsuite> <!-- Search -->
