<?xml version="1.0" encoding="UTF-8"?>
<testng-results ignored="0" total="3" passed="3" failed="0" skipped="0">
  <reporter-output>
  </reporter-output>
  <suite started-at="2022-09-08T14:00:45 IST" name="Default suite" finished-at="2022-09-08T14:01:19 IST" duration-ms="33897">
    <groups>
    </groups>
    <test started-at="2022-09-08T14:00:45 IST" name="Default test" finished-at="2022-09-08T14:01:19 IST" duration-ms="33897">
      <class name="ExcelDataReader.ExcelTest">
        <test-method signature="TestLogin(java.lang.String,java.lang.String)[pri:0, instance:ExcelDataReader.ExcelTest@a530d0a]" started-at="2022-09-08T14:00:46 IST" name="TestLogin" data-provider="loginData" finished-at="2022-09-08T14:01:01 IST" duration-ms="14315" status="PASS">
          <params>
            <param index="0">
              <value>
                <![CDATA[Admin]]>
              </value>
            </param>
            <param index="1">
              <value>
                <![CDATA[Test123]]>
              </value>
            </param>
          </params>
          <reporter-output>
          </reporter-output>
        </test-method> <!-- TestLogin -->
        <test-method signature="TestLogin(java.lang.String,java.lang.String)[pri:0, instance:ExcelDataReader.ExcelTest@a530d0a]" started-at="2022-09-08T14:01:01 IST" name="TestLogin" data-provider="loginData" finished-at="2022-09-08T14:01:10 IST" duration-ms="9036" status="PASS">
          <params>
            <param index="0">
              <value>
                <![CDATA[Test]]>
              </value>
            </param>
            <param index="1">
              <value>
                <![CDATA[Test123]]>
              </value>
            </param>
          </params>
          <reporter-output>
          </reporter-output>
        </test-method> <!-- TestLogin -->
        <test-method signature="TestLogin(java.lang.String,java.lang.String)[pri:0, instance:ExcelDataReader.ExcelTest@a530d0a]" started-at="2022-09-08T14:01:10 IST" name="TestLogin" data-provider="loginData" finished-at="2022-09-08T14:01:19 IST" duration-ms="8892" status="PASS">
          <params>
            <param index="0">
              <value>
                <![CDATA[prod]]>
              </value>
            </param>
            <param index="1">
              <value>
                <![CDATA[prod123]]>
              </value>
            </param>
          </params>
          <reporter-output>
          </reporter-output>
        </test-method> <!-- TestLogin -->
      </class> <!-- ExcelDataReader.ExcelTest -->
    </test> <!-- Default test -->
  </suite> <!-- Default suite -->
</testng-results>
